Arguments: 
  /Users/alafroscia/.asdf/installs/nodejs/9.3.0/bin/node /usr/local/Cellar/yarn/1.5.1/libexec/bin/yarn.js init

PATH: 
  /usr/local/opt/postgresql@9.6/bin:/Users/alafroscia/.asdf/shims:/Users/alafroscia/.asdf/bin:/Users/alafroscia/.dotfiles/bin:/Users/alafroscia/bin:/usr/local/bin:/usr/bin:/bin:/usr/sbin:/sbin:/Users/alafroscia/.fzf/bin:/Users/alafroscia/.config/yarn/global/node_modules/.bin:/Users/alafroscia/Code/go/bin

Yarn version: 
  1.5.1

Node version: 
  9.3.0

Platform: 
  darwin x64

npm manifest: 
  No manifest

yarn manifest: 
  No manifest

Lockfile: 
  No lockfile

Trace: 
  Error: canceled
      at Interface.<anonymous> (/usr/local/Cellar/yarn/1.5.1/libexec/lib/cli.js:128791:13)
      at Interface.emit (events.js:159:13)
      at Interface._ttyWrite (readline.js:786:16)
      at ReadStream.onkeypress (readline.js:165:10)
      at ReadStream.emit (events.js:159:13)
      at emitKeys (internal/readline.js:420:14)
      at emitKeys.next (<anonymous>)
      at ReadStream.onData (readline.js:1022:36)
      at ReadStream.emit (events.js:159:13)
      at addChunk (_stream_readable.js:265:12)
